<?xml version="1.0" encoding="UTF-8"?>
<testsuite xmlns:xsi="http://www.w3.org/2001/XMLSchema-instance" xsi:noNamespaceSchemaLocation="https://maven.apache.org/surefire/maven-surefire-plugin/xsd/surefire-test-report-3.0.xsd" version="3.0" name="Tests.DemoTest" time="20.187" tests="5" errors="0" skipped="0" failures="0">
  <properties>
[...]
</properties>
  <testcase name="sampleTest(String, String, String)[1]" classname="Tests.DemoTest" time="2.39">
    <system-err><![CDATA[SLF4J: Failed to load class "org.slf4j.impl.StaticLoggerBinder".
SLF4J: Defaulting to no-operation (NOP) logger implementation
SLF4J: See http://www.slf4j.org/codes.html#StaticLoggerBinder for further details.
1682930044338	geckodriver	INFO	Listening on 127.0.0.1:16641
1682930044485	mozrunner::runner	INFO	Running command: "C:\\Program Files\\Mozilla Firefox\\firefox.exe" "--marionette" "--remote-debugging-port" "48987" "--remote ... localhost:48987/,http://[::1]:48987/" "-no-remote" "-profile" "C:\\Users\\Pedro\\AppData\\Local\\Temp\\rust_mozprofileZLXyzq"
console.warn: services.settings: Ignoring preference override of remote settings server
console.warn: services.settings: Allow by setting MOZ_REMOTE_SETTINGS_DEVTOOLS=1 in the environment
1682930044656	Marionette	INFO	Marionette enabled
Dynamically enable window occlusion 0
1682930044659	Marionette	INFO	Listening on port 51398
Read port: 51398
WebDriver BiDi listening on ws://127.0.0.1:48987
1682930044737	RemoteAgent	WARN	TLS certificate errors will be ignored for this session
console.warn: SearchSettings: "get: No settings file exists, new profile?" (new NotFoundError("Could not open the file at C:\\Users\\Pedro\\AppData\\Local\\Temp\\rust_mozprofileZLXyzq\\search.json.mozlz4", (void 0)))
[ERROR glean_core] Error setting metrics feature config: Json(Error("EOF while parsing a value", line: 1, column: 0))
DevTools listening on ws://127.0.0.1:48987/devtools/browser/b982b61e-5bda-4841-bbea-92f39a6e6730
JavaScript warning: https://www.xe.com/_next/static/chunks/12b85881aa8a9330520218bb2964c5f40e5c3442.5c045e2e38ab272de817.js, line 1: unreachable code after return statement
JavaScript error: https://www.xe.com/_next/static/chunks/pages/_app-7340f7eeb340c922220e.js, line 1: Error: TypeError: NetworkError when attempting to fetch resource.
JavaScript error: https://www.xe.com/_next/static/chunks/pages/_app-7340f7eeb340c922220e.js, line 1: Error: TypeError: NetworkError when attempting to fetch resource.
JavaScript warning: https://www.xe.com/_next/static/chunks/12b85881aa8a9330520218bb2964c5f40e5c3442.5c045e2e38ab272de817.js, line 1: unreachable code after return statement
]]></system-err>
  </testcase>
  <testcase name="sampleTest(String, String, String)[2]" classname="Tests.DemoTest" time="3.092">
    <system-err><![CDATA[JavaScript warning: https://www.xe.com/_next/static/chunks/12b85881aa8a9330520218bb2964c5f40e5c3442.5c045e2e38ab272de817.js, line 1: unreachable code after return statement
]]></system-err>
  </testcase>
  <testcase name="sampleTest(String, String, String)[3]" classname="Tests.DemoTest" time="3.202">
    <system-err><![CDATA[JavaScript warning: https://www.xe.com/_next/static/chunks/12b85881aa8a9330520218bb2964c5f40e5c3442.5c045e2e38ab272de817.js, line 1: unreachable code after return statement
]]></system-err>
  </testcase>
  <testcase name="sampleTest(String, String, String)[4]" classname="Tests.DemoTest" time="4.278"/>
  <testcase name="sampleTest(String, String, String)[5]" classname="Tests.DemoTest" time="3.773"/>
</testsuite>